[debug] [2023-04-14T09:19:05.250Z] ----------------------------------------------------------------------
[debug] [2023-04-14T09:19:05.253Z] Command:       /opt/homebrew/Cellar/node/19.3.0/bin/node /opt/homebrew/bin/firebase init
[debug] [2023-04-14T09:19:05.253Z] CLI Version:   11.27.0
[debug] [2023-04-14T09:19:05.253Z] Platform:      darwin
[debug] [2023-04-14T09:19:05.253Z] Node Version:  v19.3.0
[debug] [2023-04-14T09:19:05.253Z] Time:          Fri Apr 14 2023 17:19:05 GMT+0800 (台北標準時間)
[debug] [2023-04-14T09:19:05.253Z] ----------------------------------------------------------------------
[debug] 
[debug] [2023-04-14T09:19:05.256Z] > command requires scopes: ["email","openid","https://www.googleapis.com/auth/cloudplatformprojects.readonly","https://www.googleapis.com/auth/firebase","https://www.googleapis.com/auth/cloud-platform"]
[debug] [2023-04-14T09:19:05.256Z] > authorizing via signed-in user (jonathan40507@gmail.com)
[info] 
     ######## #### ########  ######## ########     ###     ######  ########
     ##        ##  ##     ## ##       ##     ##  ##   ##  ##       ##
     ######    ##  ########  ######   ########  #########  ######  ######
     ##        ##  ##    ##  ##       ##     ## ##     ##       ## ##
     ##       #### ##     ## ######## ########  ##     ##  ######  ########

You're about to initialize a Firebase project in this directory:

  /Users/handsome66/Desktop/GroupChat

[info] 
=== Project Setup
[info] 
[info] First, let's associate this project directory with a Firebase project.
[info] You can create multiple project aliases by running firebase use --add, 
[info] but for now we'll just set up a default project.
[info] 
[debug] [2023-04-14T09:19:09.495Z] >>> [apiv2][query] GET https://firebase.googleapis.com/v1beta1/projects pageSize=100
[debug] [2023-04-14T09:19:10.183Z] <<< [apiv2][status] GET https://firebase.googleapis.com/v1beta1/projects 200
[debug] [2023-04-14T09:19:10.184Z] <<< [apiv2][body] GET https://firebase.googleapis.com/v1beta1/projects [omitted]
[info] i  Using project groupchat-a74a1 (GroupChat) 
[info] 
=== Database Setup
[info] i  database: ensuring required API firebasedatabase.googleapis.com is enabled... 
[debug] [2023-04-14T09:19:11.441Z] >>> [apiv2][query] GET https://serviceusage.googleapis.com/v1/projects/groupchat-a74a1/services/firebasedatabase.googleapis.com [none]
[debug] [2023-04-14T09:19:11.441Z] >>> [apiv2][(partial)header] GET https://serviceusage.googleapis.com/v1/projects/groupchat-a74a1/services/firebasedatabase.googleapis.com x-goog-quota-user=projects/groupchat-a74a1
[debug] [2023-04-14T09:19:12.589Z] <<< [apiv2][status] GET https://serviceusage.googleapis.com/v1/projects/groupchat-a74a1/services/firebasedatabase.googleapis.com 200
[debug] [2023-04-14T09:19:12.590Z] <<< [apiv2][body] GET https://serviceusage.googleapis.com/v1/projects/groupchat-a74a1/services/firebasedatabase.googleapis.com [omitted]
[info] ✔  database: required API firebasedatabase.googleapis.com is enabled 
[info] 
[debug] [2023-04-14T09:19:12.590Z] >>> [apiv2][query] GET https://firebasedatabase.googleapis.com/v1beta/projects/groupchat-a74a1/locations/-/instances/groupchat-a74a1-default-rtdb [none]
[debug] [2023-04-14T09:19:13.127Z] <<< [apiv2][status] GET https://firebasedatabase.googleapis.com/v1beta/projects/groupchat-a74a1/locations/-/instances/groupchat-a74a1-default-rtdb 200
[debug] [2023-04-14T09:19:13.128Z] <<< [apiv2][body] GET https://firebasedatabase.googleapis.com/v1beta/projects/groupchat-a74a1/locations/-/instances/groupchat-a74a1-default-rtdb {"name":"projects/823256681708/locations/asia-southeast1/instances/groupchat-a74a1-default-rtdb","project":"projects/823256681708","databaseUrl":"https://groupchat-a74a1-default-rtdb.asia-southeast1.firebasedatabase.app","type":"DEFAULT_DATABASE","state":"ACTIVE"}
[info] 
[info] Firebase Realtime Database Security Rules allow you to define how your data should be
[info] structured and when your data can be read from and written to.
[info] 
[debug] [2023-04-14T09:19:29.663Z] >>> [apiv2][query] GET https://groupchat-a74a1-default-rtdb.asia-southeast1.firebasedatabase.app/.settings/rules.json [none]
[debug] [2023-04-14T09:19:29.846Z] <<< [apiv2][status] GET https://groupchat-a74a1-default-rtdb.asia-southeast1.firebasedatabase.app/.settings/rules.json 200
[debug] [2023-04-14T09:19:29.847Z] <<< [apiv2][body] GET https://groupchat-a74a1-default-rtdb.asia-southeast1.firebasedatabase.app/.settings/rules.json [stream]
[info] ✔  Database Rules for groupchat-a74a1-default-rtdb have been written to database.rules.json. 
[info] Future modifications to database.rules.json will update Realtime Database Security Rules when you run
[info] firebase deploy.
[info] 
=== Firestore Setup
[debug] [2023-04-14T09:19:29.851Z] >>> [apiv2][query] GET https://serviceusage.googleapis.com/v1/projects/groupchat-a74a1/services/firestore.googleapis.com [none]
[debug] [2023-04-14T09:19:29.851Z] >>> [apiv2][(partial)header] GET https://serviceusage.googleapis.com/v1/projects/groupchat-a74a1/services/firestore.googleapis.com x-goog-quota-user=projects/groupchat-a74a1
[debug] [2023-04-14T09:19:30.986Z] <<< [apiv2][status] GET https://serviceusage.googleapis.com/v1/projects/groupchat-a74a1/services/firestore.googleapis.com 200
[debug] [2023-04-14T09:19:30.986Z] <<< [apiv2][body] GET https://serviceusage.googleapis.com/v1/projects/groupchat-a74a1/services/firestore.googleapis.com [omitted]
[debug] [2023-04-14T09:19:30.987Z] >>> [apiv2][query] GET https://firestore.googleapis.com/v1/projects/groupchat-a74a1/databases/(default) [none]
[debug] [2023-04-14T09:19:31.114Z] <<< [apiv2][status] GET https://firestore.googleapis.com/v1/projects/groupchat-a74a1/databases/(default) 200
[debug] [2023-04-14T09:19:31.114Z] <<< [apiv2][body] GET https://firestore.googleapis.com/v1/projects/groupchat-a74a1/databases/(default) {"name":"projects/groupchat-a74a1/databases/(default)","uid":"137cf697-1606-4c29-a4fe-ca748ccc3033","createTime":"2023-04-14T09:18:20.194939Z","updateTime":"2023-04-14T09:18:20.194939Z","locationId":"asia-east1","type":"FIRESTORE_NATIVE","concurrencyMode":"PESSIMISTIC","appEngineIntegrationMode":"DISABLED","keyPrefix":"zde","deleteProtectionState":"DELETE_PROTECTION_DISABLED","etag":"IJ3Sz7WFqf4CMJTv+6GFqf4C"}
[debug] [2023-04-14T09:19:31.115Z] database_type: FIRESTORE_NATIVE
[debug] [2023-04-14T09:19:31.115Z] > command requires scopes: ["email","openid","https://www.googleapis.com/auth/cloudplatformprojects.readonly","https://www.googleapis.com/auth/firebase","https://www.googleapis.com/auth/cloud-platform"]
[debug] [2023-04-14T09:19:31.116Z] > authorizing via signed-in user (jonathan40507@gmail.com)
[debug] [2023-04-14T09:19:31.116Z] [iam] checking project groupchat-a74a1 for permissions ["firebase.projects.get"]
[debug] [2023-04-14T09:19:31.116Z] >>> [apiv2][query] POST https://cloudresourcemanager.googleapis.com/v1/projects/groupchat-a74a1:testIamPermissions [none]
[debug] [2023-04-14T09:19:31.117Z] >>> [apiv2][(partial)header] POST https://cloudresourcemanager.googleapis.com/v1/projects/groupchat-a74a1:testIamPermissions x-goog-quota-user=projects/groupchat-a74a1
[debug] [2023-04-14T09:19:31.117Z] >>> [apiv2][body] POST https://cloudresourcemanager.googleapis.com/v1/projects/groupchat-a74a1:testIamPermissions {"permissions":["firebase.projects.get"]}
[debug] [2023-04-14T09:19:31.944Z] <<< [apiv2][status] POST https://cloudresourcemanager.googleapis.com/v1/projects/groupchat-a74a1:testIamPermissions 200
[debug] [2023-04-14T09:19:31.944Z] <<< [apiv2][body] POST https://cloudresourcemanager.googleapis.com/v1/projects/groupchat-a74a1:testIamPermissions {"permissions":["firebase.projects.get"]}
[info] 
[info] Firestore Security Rules allow you to define how and when to allow
[info] requests. You can keep these rules in your project directory
[info] and publish them with firebase deploy.
[info] 
[debug] [2023-04-14T09:19:33.653Z] >>> [apiv2][query] GET https://firebaserules.googleapis.com/v1/projects/groupchat-a74a1/releases pageSize=10&pageToken=
[debug] [2023-04-14T09:19:34.763Z] <<< [apiv2][status] GET https://firebaserules.googleapis.com/v1/projects/groupchat-a74a1/releases 200
[debug] [2023-04-14T09:19:34.763Z] <<< [apiv2][body] GET https://firebaserules.googleapis.com/v1/projects/groupchat-a74a1/releases {"releases":[{"name":"projects/groupchat-a74a1/releases/cloud.firestore","rulesetName":"projects/groupchat-a74a1/rulesets/092bfc72-1464-40de-91d8-334871b94232","createTime":"2023-04-14T09:18:27.289120Z","updateTime":"2023-04-14T09:18:27.289120Z"}]}
[debug] [2023-04-14T09:19:34.763Z] Found ruleset: projects/groupchat-a74a1/rulesets/092bfc72-1464-40de-91d8-334871b94232
[debug] [2023-04-14T09:19:34.764Z] >>> [apiv2][query] GET https://firebaserules.googleapis.com/v1/projects/groupchat-a74a1/rulesets/092bfc72-1464-40de-91d8-334871b94232 [none]
[debug] [2023-04-14T09:19:35.757Z] <<< [apiv2][status] GET https://firebaserules.googleapis.com/v1/projects/groupchat-a74a1/rulesets/092bfc72-1464-40de-91d8-334871b94232 200
[debug] [2023-04-14T09:19:35.757Z] <<< [apiv2][body] GET https://firebaserules.googleapis.com/v1/projects/groupchat-a74a1/rulesets/092bfc72-1464-40de-91d8-334871b94232 [omitted]
[info] 
[info] Firestore indexes allow you to perform complex queries while
[info] maintaining performance that scales with the size of the result
[info] set. You can keep index definitions in your project directory
[info] and publish them with firebase deploy.
[info] 
[debug] [2023-04-14T09:19:39.129Z] >>> [apiv2][query] GET https://firestore.googleapis.com/v1/projects/groupchat-a74a1/databases/(default)/collectionGroups/-/indexes [none]
[debug] [2023-04-14T09:19:39.131Z] >>> [apiv2][query] GET https://firestore.googleapis.com/v1/projects/groupchat-a74a1/databases/(default)/collectionGroups/-/fields?filter=indexConfig.usesAncestorConfig=false OR ttlConfig:* [none]
[debug] [2023-04-14T09:19:39.246Z] <<< [apiv2][status] GET https://firestore.googleapis.com/v1/projects/groupchat-a74a1/databases/(default)/collectionGroups/-/indexes 200
[debug] [2023-04-14T09:19:39.246Z] <<< [apiv2][body] GET https://firestore.googleapis.com/v1/projects/groupchat-a74a1/databases/(default)/collectionGroups/-/indexes {}
[debug] [2023-04-14T09:19:39.247Z] <<< [apiv2][status] GET https://firestore.googleapis.com/v1/projects/groupchat-a74a1/databases/(default)/collectionGroups/-/fields?filter=indexConfig.usesAncestorConfig=false OR ttlConfig:* 200
[debug] [2023-04-14T09:19:39.247Z] <<< [apiv2][body] GET https://firestore.googleapis.com/v1/projects/groupchat-a74a1/databases/(default)/collectionGroups/-/fields?filter=indexConfig.usesAncestorConfig=false OR ttlConfig:* {"fields":[{"name":"projects/groupchat-a74a1/databases/(default)/collectionGroups/__default__/fields/*","indexConfig":{"indexes":[{"queryScope":"COLLECTION","fields":[{"fieldPath":"*","order":"ASCENDING"}],"state":"READY"},{"queryScope":"COLLECTION","fields":[{"fieldPath":"*","order":"DESCENDING"}],"state":"READY"},{"queryScope":"COLLECTION","fields":[{"fieldPath":"*","arrayConfig":"CONTAINS"}],"state":"READY"}]}}]}
[info] 
=== Functions Setup
[debug] [2023-04-14T09:19:39.249Z] > command requires scopes: ["email","openid","https://www.googleapis.com/auth/cloudplatformprojects.readonly","https://www.googleapis.com/auth/firebase","https://www.googleapis.com/auth/cloud-platform"]
[debug] [2023-04-14T09:19:39.249Z] > authorizing via signed-in user (jonathan40507@gmail.com)
[debug] [2023-04-14T09:19:39.249Z] [iam] checking project groupchat-a74a1 for permissions ["firebase.projects.get"]
[debug] [2023-04-14T09:19:39.250Z] >>> [apiv2][query] POST https://cloudresourcemanager.googleapis.com/v1/projects/groupchat-a74a1:testIamPermissions [none]
[debug] [2023-04-14T09:19:39.250Z] >>> [apiv2][(partial)header] POST https://cloudresourcemanager.googleapis.com/v1/projects/groupchat-a74a1:testIamPermissions x-goog-quota-user=projects/groupchat-a74a1
[debug] [2023-04-14T09:19:39.250Z] >>> [apiv2][body] POST https://cloudresourcemanager.googleapis.com/v1/projects/groupchat-a74a1:testIamPermissions {"permissions":["firebase.projects.get"]}
[debug] [2023-04-14T09:19:40.064Z] <<< [apiv2][status] POST https://cloudresourcemanager.googleapis.com/v1/projects/groupchat-a74a1:testIamPermissions 200
[debug] [2023-04-14T09:19:40.064Z] <<< [apiv2][body] POST https://cloudresourcemanager.googleapis.com/v1/projects/groupchat-a74a1:testIamPermissions {"permissions":["firebase.projects.get"]}
[debug] [2023-04-14T09:19:40.065Z] >>> [apiv2][query] GET https://serviceusage.googleapis.com/v1/projects/groupchat-a74a1/services/cloudfunctions.googleapis.com [none]
[debug] [2023-04-14T09:19:40.065Z] >>> [apiv2][(partial)header] GET https://serviceusage.googleapis.com/v1/projects/groupchat-a74a1/services/cloudfunctions.googleapis.com x-goog-quota-user=projects/groupchat-a74a1
[debug] [2023-04-14T09:19:40.068Z] >>> [apiv2][query] GET https://serviceusage.googleapis.com/v1/projects/groupchat-a74a1/services/runtimeconfig.googleapis.com [none]
[debug] [2023-04-14T09:19:40.068Z] >>> [apiv2][(partial)header] GET https://serviceusage.googleapis.com/v1/projects/groupchat-a74a1/services/runtimeconfig.googleapis.com x-goog-quota-user=projects/groupchat-a74a1
[debug] [2023-04-14T09:19:41.213Z] <<< [apiv2][status] GET https://serviceusage.googleapis.com/v1/projects/groupchat-a74a1/services/runtimeconfig.googleapis.com 200
[debug] [2023-04-14T09:19:41.214Z] <<< [apiv2][body] GET https://serviceusage.googleapis.com/v1/projects/groupchat-a74a1/services/runtimeconfig.googleapis.com [omitted]
[debug] [2023-04-14T09:19:41.214Z] <<< [apiv2][status] GET https://serviceusage.googleapis.com/v1/projects/groupchat-a74a1/services/cloudfunctions.googleapis.com 200
[debug] [2023-04-14T09:19:41.214Z] <<< [apiv2][body] GET https://serviceusage.googleapis.com/v1/projects/groupchat-a74a1/services/cloudfunctions.googleapis.com [omitted]
[debug] [2023-04-14T09:19:41.215Z] >>> [apiv2][query] POST https://serviceusage.googleapis.com/v1/projects/groupchat-a74a1/services/cloudfunctions.googleapis.com:enable [none]
[debug] [2023-04-14T09:19:41.215Z] >>> [apiv2][(partial)header] POST https://serviceusage.googleapis.com/v1/projects/groupchat-a74a1/services/cloudfunctions.googleapis.com:enable x-goog-quota-user=projects/groupchat-a74a1
[debug] [2023-04-14T09:19:42.718Z] <<< [apiv2][status] POST https://serviceusage.googleapis.com/v1/projects/groupchat-a74a1/services/cloudfunctions.googleapis.com:enable 200
[debug] [2023-04-14T09:19:42.718Z] <<< [apiv2][body] POST https://serviceusage.googleapis.com/v1/projects/groupchat-a74a1/services/cloudfunctions.googleapis.com:enable [omitted]
[debug] [2023-04-14T09:19:52.721Z] >>> [apiv2][query] GET https://serviceusage.googleapis.com/v1/projects/groupchat-a74a1/services/cloudfunctions.googleapis.com [none]
[debug] [2023-04-14T09:19:52.721Z] >>> [apiv2][(partial)header] GET https://serviceusage.googleapis.com/v1/projects/groupchat-a74a1/services/cloudfunctions.googleapis.com x-goog-quota-user=projects/groupchat-a74a1
[debug] [2023-04-14T09:19:53.986Z] <<< [apiv2][status] GET https://serviceusage.googleapis.com/v1/projects/groupchat-a74a1/services/cloudfunctions.googleapis.com 200
[debug] [2023-04-14T09:19:53.986Z] <<< [apiv2][body] GET https://serviceusage.googleapis.com/v1/projects/groupchat-a74a1/services/cloudfunctions.googleapis.com [omitted]
[info] Let's create a new codebase for your functions.
[info] A directory corresponding to the codebase will be created in your project
[info] with sample code pre-configured.

[info] See https://firebase.google.com/docs/functions/organize-functions for
[info] more information on organizing your functions using codebases.

[info] Functions can be deployed with firebase deploy.

[info] ✔  Wrote functions/package.json 
[info] ✔  Wrote functions/.eslintrc.js 
[info] ✔  Wrote functions/index.js 
[info] ✔  Wrote functions/.gitignore 
[info] 
=== Hosting Setup
[info] 
[info] Your public directory is the folder (relative to your project directory) that
[info] will contain Hosting assets to be uploaded with firebase deploy. If you
[info] have a build process for your assets, use your build's output directory.
[info] 
[debug] [2023-04-14T09:21:01.048Z] >>> [apiv2][query] GET https://www.gstatic.com/firebasejs/releases.json [none]
[debug] [2023-04-14T09:21:01.100Z] <<< [apiv2][status] GET https://www.gstatic.com/firebasejs/releases.json 200
[debug] [2023-04-14T09:21:01.100Z] <<< [apiv2][body] GET https://www.gstatic.com/firebasejs/releases.json {"current":{"version":"9.19.1","browserURL":"https://www.gstatic.com/firebasejs/9.19.1/firebase.js","packageURL":"https://www.gstatic.com/firebasejs/9.19.1/firebase.tgz"},"live":{"version":"9.19","browserURL":"https://www.gstatic.com/firebasejs/live/9.19/firebase.js","packageURL":"https://www.gstatic.com/firebasejs/live/9.19/firebase.tgz"},"components":{"analytics":"https://www.gstatic.com/firebasejs/9.19.1/firebase-analytics.js","app":"https://www.gstatic.com/firebasejs/9.19.1/firebase-app.js","app-check":"https://www.gstatic.com/firebasejs/9.19.1/firebase-app-check.js","auth":"https://www.gstatic.com/firebasejs/9.19.1/firebase-auth.js","auth/cordova":"https://www.gstatic.com/firebasejs/9.19.1/firebase-auth/cordova.js","auth/react-native":"https://www.gstatic.com/firebasejs/9.19.1/firebase-auth/react-native.js","functions":"https://www.gstatic.com/firebasejs/9.19.1/firebase-functions.js","firestore":"https://www.gstatic.com/firebasejs/9.19.1/firebase-firestore.js","firestore/lite":"https://www.gstatic.com/firebasejs/9.19.1/firebase-firestore/lite.js","installations":"https://www.gstatic.com/firebasejs/9.19.1/firebase-installations.js","storage":"https://www.gstatic.com/firebasejs/9.19.1/firebase-storage.js","performance":"https://www.gstatic.com/firebasejs/9.19.1/firebase-performance.js","remote-config":"https://www.gstatic.com/firebasejs/9.19.1/firebase-remote-config.js","messaging":"https://www.gstatic.com/firebasejs/9.19.1/firebase-messaging.js","messaging/sw":"https://www.gstatic.com/firebasejs/9.19.1/firebase-messaging/sw.js","database":"https://www.gstatic.com/firebasejs/9.19.1/firebase-database.js","firestore.memory":"https://www.gstatic.com/firebasejs/9.19.1/firebase-firestore.memory.js"}}
[info] ✔  Wrote public/index.html 
[info] 
[info] i  Detected a .git folder at /Users/handsome66/Desktop/GroupChat 
[info] i  Authorizing with GitHub to upload your service account to a GitHub repository's secrets store. 
[info] 
[info] Visit this URL on this device to log in:
[info] https://github.com/login/oauth/authorize?client_id=89cf50f02ac6aaed3484&state=235313502&redirect_uri=http%3A%2F%2Flocalhost%3A9005&scope=read%3Auser%20repo%20public_repo
[info] 
[info] Waiting for authentication...
[debug] [2023-04-14T09:21:46.529Z] >>> [apiv2][query] POST https://github.com/login/oauth/access_token [none]
[debug] [2023-04-14T09:21:46.529Z] >>> [apiv2][body] POST https://github.com/login/oauth/access_token [stream]
[debug] [2023-04-14T09:21:47.001Z] <<< [apiv2][status] POST https://github.com/login/oauth/access_token 200
[debug] [2023-04-14T09:21:47.001Z] <<< [apiv2][body] POST https://github.com/login/oauth/access_token {"access_token":"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","token_type":"bearer","scope":"read:user,repo"}
[debug] [2023-04-14T09:21:47.014Z] >>> [apiv2][query] GET https://api.github.com/user [none]
[debug] [2023-04-14T09:21:47.465Z] <<< [apiv2][status] GET https://api.github.com/user 200
[debug] [2023-04-14T09:21:47.465Z] <<< [apiv2][body] GET https://api.github.com/user {"login":"Zzl85199","id":82247152,"node_id":"MDQ6VXNlcjgyMjQ3MTUy","avatar_url":"https://avatars.githubusercontent.com/u/82247152?v=4","gravatar_id":"","url":"https://api.github.com/users/Zzl85199","html_url":"https://github.com/Zzl85199","followers_url":"https://api.github.com/users/Zzl85199/followers","following_url":"https://api.github.com/users/Zzl85199/following{/other_user}","gists_url":"https://api.github.com/users/Zzl85199/gists{/gist_id}","starred_url":"https://api.github.com/users/Zzl85199/starred{/owner}{/repo}","subscriptions_url":"https://api.github.com/users/Zzl85199/subscriptions","organizations_url":"https://api.github.com/users/Zzl85199/orgs","repos_url":"https://api.github.com/users/Zzl85199/repos","events_url":"https://api.github.com/users/Zzl85199/events{/privacy}","received_events_url":"https://api.github.com/users/Zzl85199/received_events","type":"User","site_admin":false,"name":null,"company":null,"blog":"","location":null,"email":null,"hireable":null,"bio":null,"twitter_username":null,"public_repos":9,"public_gists":0,"followers":0,"following":0,"created_at":"2021-04-10T01:48:01Z","updated_at":"2023-03-24T12:59:18Z","private_gists":0,"total_private_repos":1,"owned_private_repos":1,"disk_usage":373056,"collaborators":0,"two_factor_authentication":false,"plan":{"name":"free","space":976562499,"collaborators":0,"private_repos":10000}}
[info] 
[info] ✔  Success! Logged into GitHub as Zzl85199 
[info] 
[debug] [2023-04-14T09:22:34.763Z] >>> [apiv2][query] GET https://api.github.com/repos/GroupChat/actions/secrets/public-key type=owner
[debug] [2023-04-14T09:22:35.261Z] <<< [apiv2][status] GET https://api.github.com/repos/GroupChat/actions/secrets/public-key 404
[debug] [2023-04-14T09:22:35.262Z] <<< [apiv2][body] GET https://api.github.com/repos/GroupChat/actions/secrets/public-key {"message":"Not Found","documentation_url":"https://docs.github.com/rest"}
[info] 
[info] 
[error] ⚠  The provided authorization cannot be used with this repository. If this repository is in an organization, did you remember to grant access? 
[info] 
[info] i  Action required: Visit this URL to ensure access has been granted to the appropriate organization(s) for the Firebase CLI GitHub OAuth App: 
[info] https://github.com/settings/connections/applications/89cf50f02ac6aaed3484
[info] 
[debug] [2023-04-14T09:22:44.887Z] >>> [apiv2][query] GET https://api.github.com/repos/GroupChat/actions/secrets/public-key type=owner
[debug] [2023-04-14T09:22:45.266Z] <<< [apiv2][status] GET https://api.github.com/repos/GroupChat/actions/secrets/public-key 404
[debug] [2023-04-14T09:22:45.266Z] <<< [apiv2][body] GET https://api.github.com/repos/GroupChat/actions/secrets/public-key {"message":"Not Found","documentation_url":"https://docs.github.com/rest"}
[info] 
[info] 
[error] ⚠  The provided authorization cannot be used with this repository. If this repository is in an organization, did you remember to grant access? 
[info] 
[info] i  Action required: Visit this URL to ensure access has been granted to the appropriate organization(s) for the Firebase CLI GitHub OAuth App: 
[info] https://github.com/settings/connections/applications/89cf50f02ac6aaed3484
[info] 
[debug] [2023-04-14T09:23:52.424Z] >>> [apiv2][query] GET https://api.github.com/repos//actions/secrets/public-key type=owner
[debug] [2023-04-14T09:23:52.831Z] <<< [apiv2][status] GET https://api.github.com/repos//actions/secrets/public-key 404
[debug] [2023-04-14T09:23:52.831Z] <<< [apiv2][body] GET https://api.github.com/repos//actions/secrets/public-key {"message":"Not Found","documentation_url":"https://docs.github.com/rest"}
[info] 
[info] 
[error] ⚠  The provided authorization cannot be used with this repository. If this repository is in an organization, did you remember to grant access? 
[info] 
[info] i  Action required: Visit this URL to ensure access has been granted to the appropriate organization(s) for the Firebase CLI GitHub OAuth App: 
[info] https://github.com/settings/connections/applications/89cf50f02ac6aaed3484
[info] 
